{"C:\\Users\\Karla\\OneDrive - UniFACEF\\Área de Trabalho\\estagio\\api-fastify\\src\\errors\\AppError.ts": {"path":"C:\\Users\\Karla\\OneDrive - UniFACEF\\Área de Trabalho\\estagio\\api-fastify\\src\\errors\\AppError.ts","all":false,"statementMap":{"0":{"start":{"line":1,"column":0},"end":{"line":1,"column":23}},"1":{"start":{"line":2,"column":0},"end":{"line":2,"column":116}},"2":{"start":{"line":3,"column":0},"end":{"line":3,"column":31}},"3":{"start":{"line":4,"column":0},"end":{"line":4,"column":34}},"4":{"start":{"line":5,"column":0},"end":{"line":5,"column":5}},"5":{"start":{"line":6,"column":0},"end":{"line":6,"column":1}}},"s":{"0":1,"1":1,"2":2,"3":2,"4":2,"5":1},"branchMap":{"0":{"type":"branch","line":2,"loc":{"start":{"line":2,"column":4},"end":{"line":5,"column":5}},"locations":[{"start":{"line":2,"column":4},"end":{"line":5,"column":5}}]}},"b":{"0":[2]},"fnMap":{"0":{"name":"AppError","decl":{"start":{"line":2,"column":4},"end":{"line":5,"column":5}},"loc":{"start":{"line":2,"column":4},"end":{"line":5,"column":5}},"line":2}},"f":{"0":2}}
,"C:\\Users\\Karla\\OneDrive - UniFACEF\\Área de Trabalho\\estagio\\api-fastify\\src\\repositories\\in-memory\\in-memory-course-repository.ts": {"path":"C:\\Users\\Karla\\OneDrive - UniFACEF\\Área de Trabalho\\estagio\\api-fastify\\src\\repositories\\in-memory\\in-memory-course-repository.ts","all":false,"statementMap":{"0":{"start":{"line":1,"column":0},"end":{"line":1,"column":49}},"1":{"start":{"line":2,"column":0},"end":{"line":2,"column":56}},"2":{"start":{"line":3,"column":0},"end":{"line":3,"column":0}},"3":{"start":{"line":4,"column":0},"end":{"line":4,"column":67}},"4":{"start":{"line":5,"column":0},"end":{"line":5,"column":31}},"5":{"start":{"line":6,"column":0},"end":{"line":6,"column":36}},"6":{"start":{"line":7,"column":0},"end":{"line":7,"column":120}},"7":{"start":{"line":8,"column":0},"end":{"line":8,"column":121}},"8":{"start":{"line":9,"column":0},"end":{"line":9,"column":5}},"9":{"start":{"line":10,"column":0},"end":{"line":10,"column":0}},"10":{"start":{"line":11,"column":0},"end":{"line":11,"column":67}},"11":{"start":{"line":12,"column":0},"end":{"line":12,"column":24}},"12":{"start":{"line":13,"column":0},"end":{"line":13,"column":27}},"13":{"start":{"line":14,"column":0},"end":{"line":14,"column":28}},"14":{"start":{"line":15,"column":0},"end":{"line":15,"column":42}},"15":{"start":{"line":16,"column":0},"end":{"line":16,"column":22}},"16":{"start":{"line":17,"column":0},"end":{"line":17,"column":30}},"17":{"start":{"line":18,"column":0},"end":{"line":18,"column":30}},"18":{"start":{"line":19,"column":0},"end":{"line":19,"column":21}},"19":{"start":{"line":20,"column":0},"end":{"line":20,"column":9}},"20":{"start":{"line":21,"column":0},"end":{"line":21,"column":0}},"21":{"start":{"line":22,"column":0},"end":{"line":22,"column":31}},"22":{"start":{"line":23,"column":0},"end":{"line":23,"column":0}},"23":{"start":{"line":24,"column":0},"end":{"line":24,"column":21}},"24":{"start":{"line":25,"column":0},"end":{"line":25,"column":5}},"25":{"start":{"line":26,"column":0},"end":{"line":26,"column":0}},"26":{"start":{"line":27,"column":0},"end":{"line":27,"column":61}},"27":{"start":{"line":28,"column":0},"end":{"line":28,"column":66}},"28":{"start":{"line":29,"column":0},"end":{"line":29,"column":0}},"29":{"start":{"line":30,"column":0},"end":{"line":30,"column":22}},"30":{"start":{"line":31,"column":0},"end":{"line":31,"column":23}},"31":{"start":{"line":32,"column":0},"end":{"line":32,"column":9}},"32":{"start":{"line":33,"column":0},"end":{"line":33,"column":0}},"33":{"start":{"line":34,"column":0},"end":{"line":34,"column":21}},"34":{"start":{"line":35,"column":0},"end":{"line":35,"column":5}},"35":{"start":{"line":36,"column":0},"end":{"line":36,"column":0}},"36":{"start":{"line":37,"column":0},"end":{"line":37,"column":53}},"37":{"start":{"line":38,"column":0},"end":{"line":38,"column":40}},"38":{"start":{"line":39,"column":0},"end":{"line":39,"column":0}},"39":{"start":{"line":40,"column":0},"end":{"line":40,"column":22}},"40":{"start":{"line":41,"column":0},"end":{"line":41,"column":5}},"41":{"start":{"line":42,"column":0},"end":{"line":42,"column":1}}},"s":{"0":1,"1":1,"2":1,"3":1,"4":3,"5":3,"6":3,"7":3,"8":3,"9":1,"10":1,"11":2,"12":2,"13":2,"14":2,"15":2,"16":2,"17":2,"18":2,"19":2,"20":2,"21":2,"22":2,"23":2,"24":2,"25":1,"26":1,"27":2,"28":2,"29":2,"30":1,"31":1,"32":1,"33":1,"34":2,"35":1,"36":1,"37":0,"38":0,"39":0,"40":0,"41":1},"branchMap":{"0":{"type":"branch","line":4,"loc":{"start":{"line":4,"column":7},"end":{"line":9,"column":5}},"locations":[{"start":{"line":4,"column":7},"end":{"line":9,"column":5}}]},"1":{"type":"branch","line":11,"loc":{"start":{"line":11,"column":4},"end":{"line":25,"column":5}},"locations":[{"start":{"line":11,"column":4},"end":{"line":25,"column":5}}]},"2":{"type":"branch","line":27,"loc":{"start":{"line":27,"column":4},"end":{"line":35,"column":5}},"locations":[{"start":{"line":27,"column":4},"end":{"line":35,"column":5}}]},"3":{"type":"branch","line":30,"loc":{"start":{"line":30,"column":21},"end":{"line":34,"column":21}},"locations":[{"start":{"line":30,"column":21},"end":{"line":34,"column":21}}]},"4":{"type":"branch","line":28,"loc":{"start":{"line":28,"column":39},"end":{"line":28,"column":65}},"locations":[{"start":{"line":28,"column":39},"end":{"line":28,"column":65}}]}},"b":{"0":[3],"1":[2],"2":[2],"3":[1],"4":[1]},"fnMap":{"0":{"name":"InMemoryCourseRepository","decl":{"start":{"line":4,"column":7},"end":{"line":9,"column":5}},"loc":{"start":{"line":4,"column":7},"end":{"line":9,"column":5}},"line":4},"1":{"name":"create","decl":{"start":{"line":11,"column":4},"end":{"line":25,"column":5}},"loc":{"start":{"line":11,"column":4},"end":{"line":25,"column":5}},"line":11},"2":{"name":"getCourseById","decl":{"start":{"line":27,"column":4},"end":{"line":35,"column":5}},"loc":{"start":{"line":27,"column":4},"end":{"line":35,"column":5}},"line":27},"3":{"name":"getAllCourses","decl":{"start":{"line":37,"column":4},"end":{"line":41,"column":5}},"loc":{"start":{"line":37,"column":4},"end":{"line":41,"column":5}},"line":37}},"f":{"0":3,"1":2,"2":2,"3":0}}
,"C:\\Users\\Karla\\OneDrive - UniFACEF\\Área de Trabalho\\estagio\\api-fastify\\src\\repositories\\in-memory\\in-memory-user-repository.ts": {"path":"C:\\Users\\Karla\\OneDrive - UniFACEF\\Área de Trabalho\\estagio\\api-fastify\\src\\repositories\\in-memory\\in-memory-user-repository.ts","all":false,"statementMap":{"0":{"start":{"line":1,"column":0},"end":{"line":1,"column":46}},"1":{"start":{"line":2,"column":0},"end":{"line":2,"column":52}},"2":{"start":{"line":3,"column":0},"end":{"line":3,"column":0}},"3":{"start":{"line":4,"column":0},"end":{"line":4,"column":63}},"4":{"start":{"line":5,"column":0},"end":{"line":5,"column":29}},"5":{"start":{"line":6,"column":0},"end":{"line":6,"column":32}},"6":{"start":{"line":7,"column":0},"end":{"line":7,"column":87}},"7":{"start":{"line":8,"column":0},"end":{"line":8,"column":88}},"8":{"start":{"line":9,"column":0},"end":{"line":9,"column":5}},"9":{"start":{"line":10,"column":0},"end":{"line":10,"column":0}},"10":{"start":{"line":11,"column":0},"end":{"line":11,"column":63}},"11":{"start":{"line":12,"column":0},"end":{"line":12,"column":66}},"12":{"start":{"line":13,"column":0},"end":{"line":13,"column":0}},"13":{"start":{"line":14,"column":0},"end":{"line":14,"column":20}},"14":{"start":{"line":15,"column":0},"end":{"line":15,"column":23}},"15":{"start":{"line":16,"column":0},"end":{"line":16,"column":9}},"16":{"start":{"line":17,"column":0},"end":{"line":17,"column":0}},"17":{"start":{"line":18,"column":0},"end":{"line":18,"column":19}},"18":{"start":{"line":19,"column":0},"end":{"line":19,"column":5}},"19":{"start":{"line":20,"column":0},"end":{"line":20,"column":0}},"20":{"start":{"line":21,"column":0},"end":{"line":21,"column":69}},"21":{"start":{"line":22,"column":0},"end":{"line":22,"column":72}},"22":{"start":{"line":23,"column":0},"end":{"line":23,"column":0}},"23":{"start":{"line":24,"column":0},"end":{"line":24,"column":20}},"24":{"start":{"line":25,"column":0},"end":{"line":25,"column":23}},"25":{"start":{"line":26,"column":0},"end":{"line":26,"column":9}},"26":{"start":{"line":27,"column":0},"end":{"line":27,"column":0}},"27":{"start":{"line":28,"column":0},"end":{"line":28,"column":19}},"28":{"start":{"line":29,"column":0},"end":{"line":29,"column":5}},"29":{"start":{"line":30,"column":0},"end":{"line":30,"column":0}},"30":{"start":{"line":31,"column":0},"end":{"line":31,"column":63}},"31":{"start":{"line":32,"column":0},"end":{"line":32,"column":22}},"32":{"start":{"line":33,"column":0},"end":{"line":33,"column":25}},"33":{"start":{"line":34,"column":0},"end":{"line":34,"column":36}},"34":{"start":{"line":35,"column":0},"end":{"line":35,"column":30}},"35":{"start":{"line":36,"column":0},"end":{"line":36,"column":35}},"36":{"start":{"line":37,"column":0},"end":{"line":37,"column":9}},"37":{"start":{"line":38,"column":0},"end":{"line":38,"column":0}},"38":{"start":{"line":39,"column":0},"end":{"line":39,"column":29}},"39":{"start":{"line":40,"column":0},"end":{"line":40,"column":0}},"40":{"start":{"line":41,"column":0},"end":{"line":41,"column":19}},"41":{"start":{"line":42,"column":0},"end":{"line":42,"column":5}},"42":{"start":{"line":43,"column":0},"end":{"line":43,"column":0}},"43":{"start":{"line":44,"column":0},"end":{"line":44,"column":57}},"44":{"start":{"line":45,"column":0},"end":{"line":45,"column":60}},"45":{"start":{"line":46,"column":0},"end":{"line":46,"column":0}},"46":{"start":{"line":47,"column":0},"end":{"line":47,"column":20}},"47":{"start":{"line":48,"column":0},"end":{"line":48,"column":23}},"48":{"start":{"line":49,"column":0},"end":{"line":49,"column":9}},"49":{"start":{"line":50,"column":0},"end":{"line":50,"column":0}},"50":{"start":{"line":51,"column":0},"end":{"line":51,"column":19}},"51":{"start":{"line":52,"column":0},"end":{"line":52,"column":5}},"52":{"start":{"line":53,"column":0},"end":{"line":53,"column":0}},"53":{"start":{"line":54,"column":0},"end":{"line":54,"column":49}},"54":{"start":{"line":55,"column":0},"end":{"line":55,"column":36}},"55":{"start":{"line":56,"column":0},"end":{"line":56,"column":0}},"56":{"start":{"line":57,"column":0},"end":{"line":57,"column":20}},"57":{"start":{"line":58,"column":0},"end":{"line":58,"column":5}},"58":{"start":{"line":59,"column":0},"end":{"line":59,"column":0}},"59":{"start":{"line":60,"column":0},"end":{"line":60,"column":87}},"60":{"start":{"line":61,"column":0},"end":{"line":61,"column":62}},"61":{"start":{"line":62,"column":0},"end":{"line":62,"column":72}},"62":{"start":{"line":63,"column":0},"end":{"line":63,"column":0}},"63":{"start":{"line":64,"column":0},"end":{"line":64,"column":20}},"64":{"start":{"line":65,"column":0},"end":{"line":65,"column":23}},"65":{"start":{"line":66,"column":0},"end":{"line":66,"column":9}},"66":{"start":{"line":67,"column":0},"end":{"line":67,"column":0}},"67":{"start":{"line":68,"column":0},"end":{"line":68,"column":25}},"68":{"start":{"line":69,"column":0},"end":{"line":69,"column":20}},"69":{"start":{"line":70,"column":0},"end":{"line":70,"column":18}},"70":{"start":{"line":71,"column":0},"end":{"line":71,"column":20}},"71":{"start":{"line":72,"column":0},"end":{"line":72,"column":9}},"72":{"start":{"line":73,"column":0},"end":{"line":73,"column":0}},"73":{"start":{"line":74,"column":0},"end":{"line":74,"column":57}},"74":{"start":{"line":75,"column":0},"end":{"line":75,"column":0}},"75":{"start":{"line":76,"column":0},"end":{"line":76,"column":24}},"76":{"start":{"line":77,"column":0},"end":{"line":77,"column":5}},"77":{"start":{"line":78,"column":0},"end":{"line":78,"column":0}},"78":{"start":{"line":79,"column":0},"end":{"line":79,"column":1}}},"s":{"0":1,"1":1,"2":1,"3":1,"4":8,"5":8,"6":8,"7":8,"8":8,"9":1,"10":1,"11":7,"12":7,"13":7,"14":6,"15":6,"16":1,"17":1,"18":7,"19":1,"20":1,"21":7,"22":7,"23":7,"24":6,"25":6,"26":1,"27":1,"28":7,"29":1,"30":1,"31":5,"32":5,"33":5,"34":5,"35":5,"36":5,"37":5,"38":5,"39":5,"40":5,"41":5,"42":1,"43":1,"44":2,"45":2,"46":2,"47":1,"48":1,"49":1,"50":1,"51":2,"52":1,"53":1,"54":1,"55":1,"56":1,"57":1,"58":1,"59":1,"60":0,"61":0,"62":0,"63":0,"64":0,"65":0,"66":0,"67":0,"68":0,"69":0,"70":0,"71":0,"72":0,"73":0,"74":0,"75":0,"76":0,"77":1,"78":1},"branchMap":{"0":{"type":"branch","line":4,"loc":{"start":{"line":4,"column":7},"end":{"line":9,"column":5}},"locations":[{"start":{"line":4,"column":7},"end":{"line":9,"column":5}}]},"1":{"type":"branch","line":11,"loc":{"start":{"line":11,"column":4},"end":{"line":19,"column":5}},"locations":[{"start":{"line":11,"column":4},"end":{"line":19,"column":5}}]},"2":{"type":"branch","line":14,"loc":{"start":{"line":14,"column":19},"end":{"line":16,"column":9}},"locations":[{"start":{"line":14,"column":19},"end":{"line":16,"column":9}}]},"3":{"type":"branch","line":16,"loc":{"start":{"line":16,"column":8},"end":{"line":18,"column":19}},"locations":[{"start":{"line":16,"column":8},"end":{"line":18,"column":19}}]},"4":{"type":"branch","line":12,"loc":{"start":{"line":12,"column":37},"end":{"line":12,"column":65}},"locations":[{"start":{"line":12,"column":37},"end":{"line":12,"column":65}}]},"5":{"type":"branch","line":21,"loc":{"start":{"line":21,"column":4},"end":{"line":29,"column":5}},"locations":[{"start":{"line":21,"column":4},"end":{"line":29,"column":5}}]},"6":{"type":"branch","line":24,"loc":{"start":{"line":24,"column":19},"end":{"line":26,"column":9}},"locations":[{"start":{"line":24,"column":19},"end":{"line":26,"column":9}}]},"7":{"type":"branch","line":26,"loc":{"start":{"line":26,"column":8},"end":{"line":28,"column":19}},"locations":[{"start":{"line":26,"column":8},"end":{"line":28,"column":19}}]},"8":{"type":"branch","line":22,"loc":{"start":{"line":22,"column":37},"end":{"line":22,"column":71}},"locations":[{"start":{"line":22,"column":37},"end":{"line":22,"column":71}}]},"9":{"type":"branch","line":31,"loc":{"start":{"line":31,"column":4},"end":{"line":42,"column":5}},"locations":[{"start":{"line":31,"column":4},"end":{"line":42,"column":5}}]},"10":{"type":"branch","line":44,"loc":{"start":{"line":44,"column":4},"end":{"line":52,"column":5}},"locations":[{"start":{"line":44,"column":4},"end":{"line":52,"column":5}}]},"11":{"type":"branch","line":47,"loc":{"start":{"line":47,"column":19},"end":{"line":51,"column":19}},"locations":[{"start":{"line":47,"column":19},"end":{"line":51,"column":19}}]},"12":{"type":"branch","line":45,"loc":{"start":{"line":45,"column":37},"end":{"line":45,"column":59}},"locations":[{"start":{"line":45,"column":37},"end":{"line":45,"column":59}}]},"13":{"type":"branch","line":54,"loc":{"start":{"line":54,"column":4},"end":{"line":58,"column":5}},"locations":[{"start":{"line":54,"column":4},"end":{"line":58,"column":5}}]}},"b":{"0":[8],"1":[7],"2":[6],"3":[1],"4":[2],"5":[7],"6":[6],"7":[1],"8":[2],"9":[5],"10":[2],"11":[1],"12":[1],"13":[1]},"fnMap":{"0":{"name":"InMemoryUserRepository","decl":{"start":{"line":4,"column":7},"end":{"line":9,"column":5}},"loc":{"start":{"line":4,"column":7},"end":{"line":9,"column":5}},"line":4},"1":{"name":"getUserByEmail","decl":{"start":{"line":11,"column":4},"end":{"line":19,"column":5}},"loc":{"start":{"line":11,"column":4},"end":{"line":19,"column":5}},"line":11},"2":{"name":"getUserByUsername","decl":{"start":{"line":21,"column":4},"end":{"line":29,"column":5}},"loc":{"start":{"line":21,"column":4},"end":{"line":29,"column":5}},"line":21},"3":{"name":"create","decl":{"start":{"line":31,"column":4},"end":{"line":42,"column":5}},"loc":{"start":{"line":31,"column":4},"end":{"line":42,"column":5}},"line":31},"4":{"name":"getUserById","decl":{"start":{"line":44,"column":4},"end":{"line":52,"column":5}},"loc":{"start":{"line":44,"column":4},"end":{"line":52,"column":5}},"line":44},"5":{"name":"getAllUsers","decl":{"start":{"line":54,"column":4},"end":{"line":58,"column":5}},"loc":{"start":{"line":54,"column":4},"end":{"line":58,"column":5}},"line":54},"6":{"name":"editUser","decl":{"start":{"line":60,"column":4},"end":{"line":77,"column":5}},"loc":{"start":{"line":60,"column":4},"end":{"line":77,"column":5}},"line":60}},"f":{"0":8,"1":7,"2":7,"3":5,"4":2,"5":1,"6":0}}
,"C:\\Users\\Karla\\OneDrive - UniFACEF\\Área de Trabalho\\estagio\\api-fastify\\src\\use-cases\\course.ts": {"path":"C:\\Users\\Karla\\OneDrive - UniFACEF\\Área de Trabalho\\estagio\\api-fastify\\src\\use-cases\\course.ts","all":false,"statementMap":{"0":{"start":{"line":1,"column":0},"end":{"line":1,"column":47}},"1":{"start":{"line":2,"column":0},"end":{"line":2,"column":0}},"2":{"start":{"line":3,"column":0},"end":{"line":3,"column":31}},"3":{"start":{"line":4,"column":0},"end":{"line":4,"column":17}},"4":{"start":{"line":5,"column":0},"end":{"line":5,"column":24}},"5":{"start":{"line":6,"column":0},"end":{"line":6,"column":18}},"6":{"start":{"line":7,"column":0},"end":{"line":7,"column":17}},"7":{"start":{"line":8,"column":0},"end":{"line":8,"column":1}},"8":{"start":{"line":9,"column":0},"end":{"line":9,"column":0}},"9":{"start":{"line":10,"column":0},"end":{"line":10,"column":26}},"10":{"start":{"line":11,"column":0},"end":{"line":11,"column":18}},"11":{"start":{"line":12,"column":0},"end":{"line":12,"column":1}},"12":{"start":{"line":13,"column":0},"end":{"line":13,"column":0}},"13":{"start":{"line":14,"column":0},"end":{"line":14,"column":26}},"14":{"start":{"line":15,"column":0},"end":{"line":15,"column":50}},"15":{"start":{"line":16,"column":0},"end":{"line":16,"column":4}},"16":{"start":{"line":17,"column":0},"end":{"line":17,"column":114}},"17":{"start":{"line":18,"column":0},"end":{"line":18,"column":102}},"18":{"start":{"line":19,"column":0},"end":{"line":19,"column":25}},"19":{"start":{"line":20,"column":0},"end":{"line":20,"column":5}},"20":{"start":{"line":21,"column":0},"end":{"line":21,"column":0}},"21":{"start":{"line":22,"column":0},"end":{"line":22,"column":62}},"22":{"start":{"line":23,"column":0},"end":{"line":23,"column":76}},"23":{"start":{"line":24,"column":0},"end":{"line":24,"column":25}},"24":{"start":{"line":25,"column":0},"end":{"line":25,"column":5}},"25":{"start":{"line":26,"column":0},"end":{"line":26,"column":0}},"26":{"start":{"line":27,"column":0},"end":{"line":27,"column":46}},"27":{"start":{"line":28,"column":0},"end":{"line":28,"column":77}},"28":{"start":{"line":29,"column":0},"end":{"line":29,"column":0}},"29":{"start":{"line":30,"column":0},"end":{"line":30,"column":22}},"30":{"start":{"line":31,"column":0},"end":{"line":31,"column":5}},"31":{"start":{"line":32,"column":0},"end":{"line":32,"column":1}}},"s":{"0":1,"1":1,"2":1,"3":1,"4":1,"5":1,"6":1,"7":1,"8":1,"9":1,"10":1,"11":1,"12":1,"13":1,"14":1,"15":1,"16":1,"17":2,"18":2,"19":2,"20":1,"21":1,"22":2,"23":2,"24":2,"25":1,"26":1,"27":0,"28":0,"29":0,"30":0,"31":1},"branchMap":{"0":{"type":"branch","line":15,"loc":{"start":{"line":15,"column":4},"end":{"line":15,"column":50}},"locations":[{"start":{"line":15,"column":4},"end":{"line":15,"column":50}}]},"1":{"type":"branch","line":17,"loc":{"start":{"line":17,"column":4},"end":{"line":20,"column":5}},"locations":[{"start":{"line":17,"column":4},"end":{"line":20,"column":5}}]},"2":{"type":"branch","line":22,"loc":{"start":{"line":22,"column":4},"end":{"line":25,"column":5}},"locations":[{"start":{"line":22,"column":4},"end":{"line":25,"column":5}}]}},"b":{"0":[3],"1":[2],"2":[2]},"fnMap":{"0":{"name":"CourseClass","decl":{"start":{"line":15,"column":4},"end":{"line":15,"column":50}},"loc":{"start":{"line":15,"column":4},"end":{"line":15,"column":50}},"line":15},"1":{"name":"executeCreateCourse","decl":{"start":{"line":17,"column":4},"end":{"line":20,"column":5}},"loc":{"start":{"line":17,"column":4},"end":{"line":20,"column":5}},"line":17},"2":{"name":"getCourseById","decl":{"start":{"line":22,"column":4},"end":{"line":25,"column":5}},"loc":{"start":{"line":22,"column":4},"end":{"line":25,"column":5}},"line":22},"3":{"name":"getAllCourses","decl":{"start":{"line":27,"column":4},"end":{"line":31,"column":5}},"loc":{"start":{"line":27,"column":4},"end":{"line":31,"column":5}},"line":27}},"f":{"0":3,"1":2,"2":2,"3":0}}
,"C:\\Users\\Karla\\OneDrive - UniFACEF\\Área de Trabalho\\estagio\\api-fastify\\src\\use-cases\\user.ts": {"path":"C:\\Users\\Karla\\OneDrive - UniFACEF\\Área de Trabalho\\estagio\\api-fastify\\src\\use-cases\\user.ts","all":false,"statementMap":{"0":{"start":{"line":1,"column":0},"end":{"line":1,"column":29}},"1":{"start":{"line":2,"column":0},"end":{"line":2,"column":45}},"2":{"start":{"line":3,"column":0},"end":{"line":3,"column":37}},"3":{"start":{"line":4,"column":0},"end":{"line":4,"column":64}},"4":{"start":{"line":5,"column":0},"end":{"line":5,"column":0}},"5":{"start":{"line":6,"column":0},"end":{"line":6,"column":29}},"6":{"start":{"line":7,"column":0},"end":{"line":7,"column":18}},"7":{"start":{"line":8,"column":0},"end":{"line":8,"column":21}},"8":{"start":{"line":9,"column":0},"end":{"line":9,"column":20}},"9":{"start":{"line":10,"column":0},"end":{"line":10,"column":1}},"10":{"start":{"line":11,"column":0},"end":{"line":11,"column":27}},"11":{"start":{"line":12,"column":0},"end":{"line":12,"column":14}},"12":{"start":{"line":13,"column":0},"end":{"line":13,"column":18}},"13":{"start":{"line":14,"column":0},"end":{"line":14,"column":21}},"14":{"start":{"line":15,"column":0},"end":{"line":15,"column":1}},"15":{"start":{"line":16,"column":0},"end":{"line":16,"column":0}},"16":{"start":{"line":17,"column":0},"end":{"line":17,"column":24}},"17":{"start":{"line":18,"column":0},"end":{"line":18,"column":14}},"18":{"start":{"line":19,"column":0},"end":{"line":19,"column":1}},"19":{"start":{"line":20,"column":0},"end":{"line":20,"column":0}},"20":{"start":{"line":21,"column":0},"end":{"line":21,"column":24}},"21":{"start":{"line":22,"column":0},"end":{"line":22,"column":59}},"22":{"start":{"line":23,"column":0},"end":{"line":23,"column":0}},"23":{"start":{"line":24,"column":0},"end":{"line":24,"column":102}},"24":{"start":{"line":25,"column":0},"end":{"line":25,"column":0}},"25":{"start":{"line":26,"column":0},"end":{"line":26,"column":81}},"26":{"start":{"line":27,"column":0},"end":{"line":27,"column":90}},"27":{"start":{"line":28,"column":0},"end":{"line":28,"column":0}},"28":{"start":{"line":29,"column":0},"end":{"line":29,"column":56}},"29":{"start":{"line":30,"column":0},"end":{"line":30,"column":54}},"30":{"start":{"line":31,"column":0},"end":{"line":31,"column":9}},"31":{"start":{"line":32,"column":0},"end":{"line":32,"column":0}},"32":{"start":{"line":33,"column":0},"end":{"line":33,"column":52}},"33":{"start":{"line":34,"column":0},"end":{"line":34,"column":0}},"34":{"start":{"line":35,"column":0},"end":{"line":35,"column":98}},"35":{"start":{"line":36,"column":0},"end":{"line":36,"column":23}},"36":{"start":{"line":37,"column":0},"end":{"line":37,"column":5}},"37":{"start":{"line":38,"column":0},"end":{"line":38,"column":0}},"38":{"start":{"line":39,"column":0},"end":{"line":39,"column":64}},"39":{"start":{"line":40,"column":0},"end":{"line":40,"column":62}},"40":{"start":{"line":41,"column":0},"end":{"line":41,"column":0}},"41":{"start":{"line":42,"column":0},"end":{"line":42,"column":19}},"42":{"start":{"line":43,"column":0},"end":{"line":43,"column":5}},"43":{"start":{"line":44,"column":0},"end":{"line":44,"column":0}},"44":{"start":{"line":45,"column":0},"end":{"line":45,"column":56}},"45":{"start":{"line":46,"column":0},"end":{"line":46,"column":61}},"46":{"start":{"line":47,"column":0},"end":{"line":47,"column":0}},"47":{"start":{"line":48,"column":0},"end":{"line":48,"column":20}},"48":{"start":{"line":49,"column":0},"end":{"line":49,"column":5}},"49":{"start":{"line":50,"column":0},"end":{"line":50,"column":0}},"50":{"start":{"line":51,"column":0},"end":{"line":51,"column":99}},"51":{"start":{"line":52,"column":0},"end":{"line":52,"column":0}},"52":{"start":{"line":53,"column":0},"end":{"line":53,"column":67}},"53":{"start":{"line":54,"column":0},"end":{"line":54,"column":0}},"54":{"start":{"line":55,"column":0},"end":{"line":55,"column":25}},"55":{"start":{"line":56,"column":0},"end":{"line":56,"column":48}},"56":{"start":{"line":57,"column":0},"end":{"line":57,"column":9}},"57":{"start":{"line":58,"column":0},"end":{"line":58,"column":0}},"58":{"start":{"line":59,"column":0},"end":{"line":59,"column":73}},"59":{"start":{"line":60,"column":0},"end":{"line":60,"column":0}},"60":{"start":{"line":61,"column":0},"end":{"line":61,"column":24}},"61":{"start":{"line":62,"column":0},"end":{"line":62,"column":41}},"62":{"start":{"line":63,"column":0},"end":{"line":63,"column":58}},"63":{"start":{"line":64,"column":0},"end":{"line":64,"column":13}},"64":{"start":{"line":65,"column":0},"end":{"line":65,"column":9}},"65":{"start":{"line":66,"column":0},"end":{"line":66,"column":0}},"66":{"start":{"line":67,"column":0},"end":{"line":67,"column":76}},"67":{"start":{"line":68,"column":0},"end":{"line":68,"column":0}},"68":{"start":{"line":69,"column":0},"end":{"line":69,"column":30}},"69":{"start":{"line":70,"column":0},"end":{"line":70,"column":0}},"70":{"start":{"line":71,"column":0},"end":{"line":71,"column":23}},"71":{"start":{"line":72,"column":0},"end":{"line":72,"column":5}},"72":{"start":{"line":73,"column":0},"end":{"line":73,"column":1}}},"s":{"0":1,"1":1,"2":1,"3":1,"4":1,"5":1,"6":1,"7":1,"8":1,"9":1,"10":1,"11":1,"12":1,"13":1,"14":1,"15":1,"16":1,"17":1,"18":1,"19":1,"20":1,"21":1,"22":1,"23":1,"24":7,"25":7,"26":7,"27":7,"28":7,"29":2,"30":2,"31":5,"32":5,"33":5,"34":5,"35":5,"36":7,"37":1,"38":1,"39":2,"40":2,"41":2,"42":2,"43":1,"44":1,"45":1,"46":1,"47":1,"48":1,"49":1,"50":1,"51":0,"52":0,"53":0,"54":0,"55":0,"56":0,"57":0,"58":0,"59":0,"60":0,"61":0,"62":0,"63":0,"64":0,"65":0,"66":0,"67":0,"68":0,"69":0,"70":0,"71":0,"72":1},"branchMap":{"0":{"type":"branch","line":22,"loc":{"start":{"line":22,"column":4},"end":{"line":22,"column":59}},"locations":[{"start":{"line":22,"column":4},"end":{"line":22,"column":59}}]},"1":{"type":"branch","line":24,"loc":{"start":{"line":24,"column":4},"end":{"line":37,"column":5}},"locations":[{"start":{"line":24,"column":4},"end":{"line":37,"column":5}}]},"2":{"type":"branch","line":29,"loc":{"start":{"line":29,"column":12},"end":{"line":29,"column":55}},"locations":[{"start":{"line":29,"column":12},"end":{"line":29,"column":55}}]},"3":{"type":"branch","line":29,"loc":{"start":{"line":29,"column":55},"end":{"line":31,"column":9}},"locations":[{"start":{"line":29,"column":55},"end":{"line":31,"column":9}}]},"4":{"type":"branch","line":31,"loc":{"start":{"line":31,"column":8},"end":{"line":36,"column":23}},"locations":[{"start":{"line":31,"column":8},"end":{"line":36,"column":23}}]},"5":{"type":"branch","line":39,"loc":{"start":{"line":39,"column":4},"end":{"line":43,"column":5}},"locations":[{"start":{"line":39,"column":4},"end":{"line":43,"column":5}}]},"6":{"type":"branch","line":45,"loc":{"start":{"line":45,"column":4},"end":{"line":49,"column":5}},"locations":[{"start":{"line":45,"column":4},"end":{"line":49,"column":5}}]}},"b":{"0":[8],"1":[7],"2":[6],"3":[2],"4":[5],"5":[2],"6":[1]},"fnMap":{"0":{"name":"UserClass","decl":{"start":{"line":22,"column":4},"end":{"line":22,"column":59}},"loc":{"start":{"line":22,"column":4},"end":{"line":22,"column":59}},"line":22},"1":{"name":"executeCreateUser","decl":{"start":{"line":24,"column":4},"end":{"line":37,"column":5}},"loc":{"start":{"line":24,"column":4},"end":{"line":37,"column":5}},"line":24},"2":{"name":"executeGetUserById","decl":{"start":{"line":39,"column":4},"end":{"line":43,"column":5}},"loc":{"start":{"line":39,"column":4},"end":{"line":43,"column":5}},"line":39},"3":{"name":"executeGetAllUsers","decl":{"start":{"line":45,"column":4},"end":{"line":49,"column":5}},"loc":{"start":{"line":45,"column":4},"end":{"line":49,"column":5}},"line":45},"4":{"name":"executeEditUser","decl":{"start":{"line":51,"column":4},"end":{"line":72,"column":5}},"loc":{"start":{"line":51,"column":4},"end":{"line":72,"column":5}},"line":51}},"f":{"0":8,"1":7,"2":2,"3":1,"4":0}}
}
