{"C:\\Users\\Karla\\OneDrive - UniFACEF\\Área de Trabalho\\estagio\\api-fastify\\src\\errors\\AppError.ts": {"path":"C:\\Users\\Karla\\OneDrive - UniFACEF\\Área de Trabalho\\estagio\\api-fastify\\src\\errors\\AppError.ts","all":false,"statementMap":{"0":{"start":{"line":1,"column":0},"end":{"line":1,"column":23}},"1":{"start":{"line":2,"column":0},"end":{"line":2,"column":116}},"2":{"start":{"line":3,"column":0},"end":{"line":3,"column":31}},"3":{"start":{"line":4,"column":0},"end":{"line":4,"column":34}},"4":{"start":{"line":5,"column":0},"end":{"line":5,"column":5}},"5":{"start":{"line":6,"column":0},"end":{"line":6,"column":1}}},"s":{"0":1,"1":1,"2":2,"3":2,"4":2,"5":1},"branchMap":{"0":{"type":"branch","line":2,"loc":{"start":{"line":2,"column":4},"end":{"line":5,"column":5}},"locations":[{"start":{"line":2,"column":4},"end":{"line":5,"column":5}}]}},"b":{"0":[2]},"fnMap":{"0":{"name":"AppError","decl":{"start":{"line":2,"column":4},"end":{"line":5,"column":5}},"loc":{"start":{"line":2,"column":4},"end":{"line":5,"column":5}},"line":2}},"f":{"0":2}}
,"C:\\Users\\Karla\\OneDrive - UniFACEF\\Área de Trabalho\\estagio\\api-fastify\\src\\repositories\\in-memory\\in-memory-course-repository.ts": {"path":"C:\\Users\\Karla\\OneDrive - UniFACEF\\Área de Trabalho\\estagio\\api-fastify\\src\\repositories\\in-memory\\in-memory-course-repository.ts","all":false,"statementMap":{"0":{"start":{"line":1,"column":0},"end":{"line":1,"column":49}},"1":{"start":{"line":2,"column":0},"end":{"line":2,"column":56}},"2":{"start":{"line":3,"column":0},"end":{"line":3,"column":0}},"3":{"start":{"line":4,"column":0},"end":{"line":4,"column":67}},"4":{"start":{"line":5,"column":0},"end":{"line":5,"column":31}},"5":{"start":{"line":6,"column":0},"end":{"line":6,"column":0}},"6":{"start":{"line":7,"column":0},"end":{"line":7,"column":67}},"7":{"start":{"line":8,"column":0},"end":{"line":8,"column":24}},"8":{"start":{"line":9,"column":0},"end":{"line":9,"column":27}},"9":{"start":{"line":10,"column":0},"end":{"line":10,"column":28}},"10":{"start":{"line":11,"column":0},"end":{"line":11,"column":42}},"11":{"start":{"line":12,"column":0},"end":{"line":12,"column":22}},"12":{"start":{"line":13,"column":0},"end":{"line":13,"column":30}},"13":{"start":{"line":14,"column":0},"end":{"line":14,"column":30}},"14":{"start":{"line":15,"column":0},"end":{"line":15,"column":21}},"15":{"start":{"line":16,"column":0},"end":{"line":16,"column":9}},"16":{"start":{"line":17,"column":0},"end":{"line":17,"column":0}},"17":{"start":{"line":18,"column":0},"end":{"line":18,"column":31}},"18":{"start":{"line":19,"column":0},"end":{"line":19,"column":0}},"19":{"start":{"line":20,"column":0},"end":{"line":20,"column":21}},"20":{"start":{"line":21,"column":0},"end":{"line":21,"column":5}},"21":{"start":{"line":22,"column":0},"end":{"line":22,"column":0}},"22":{"start":{"line":23,"column":0},"end":{"line":23,"column":61}},"23":{"start":{"line":24,"column":0},"end":{"line":24,"column":66}},"24":{"start":{"line":25,"column":0},"end":{"line":25,"column":0}},"25":{"start":{"line":26,"column":0},"end":{"line":26,"column":22}},"26":{"start":{"line":27,"column":0},"end":{"line":27,"column":23}},"27":{"start":{"line":28,"column":0},"end":{"line":28,"column":9}},"28":{"start":{"line":29,"column":0},"end":{"line":29,"column":0}},"29":{"start":{"line":30,"column":0},"end":{"line":30,"column":21}},"30":{"start":{"line":31,"column":0},"end":{"line":31,"column":5}},"31":{"start":{"line":32,"column":0},"end":{"line":32,"column":1}}},"s":{"0":1,"1":1,"2":1,"3":1,"4":3,"5":1,"6":1,"7":2,"8":2,"9":2,"10":2,"11":2,"12":2,"13":2,"14":2,"15":2,"16":2,"17":2,"18":2,"19":2,"20":2,"21":1,"22":1,"23":2,"24":2,"25":2,"26":1,"27":1,"28":1,"29":1,"30":2,"31":1},"branchMap":{"0":{"type":"branch","line":4,"loc":{"start":{"line":4,"column":7},"end":{"line":5,"column":31}},"locations":[{"start":{"line":4,"column":7},"end":{"line":5,"column":31}}]},"1":{"type":"branch","line":7,"loc":{"start":{"line":7,"column":4},"end":{"line":21,"column":5}},"locations":[{"start":{"line":7,"column":4},"end":{"line":21,"column":5}}]},"2":{"type":"branch","line":23,"loc":{"start":{"line":23,"column":4},"end":{"line":31,"column":5}},"locations":[{"start":{"line":23,"column":4},"end":{"line":31,"column":5}}]},"3":{"type":"branch","line":26,"loc":{"start":{"line":26,"column":21},"end":{"line":30,"column":21}},"locations":[{"start":{"line":26,"column":21},"end":{"line":30,"column":21}}]},"4":{"type":"branch","line":24,"loc":{"start":{"line":24,"column":39},"end":{"line":24,"column":65}},"locations":[{"start":{"line":24,"column":39},"end":{"line":24,"column":65}}]}},"b":{"0":[3],"1":[2],"2":[2],"3":[1],"4":[1]},"fnMap":{"0":{"name":"InMemoryCourseRepository","decl":{"start":{"line":4,"column":7},"end":{"line":5,"column":31}},"loc":{"start":{"line":4,"column":7},"end":{"line":5,"column":31}},"line":4},"1":{"name":"create","decl":{"start":{"line":7,"column":4},"end":{"line":21,"column":5}},"loc":{"start":{"line":7,"column":4},"end":{"line":21,"column":5}},"line":7},"2":{"name":"getCourseById","decl":{"start":{"line":23,"column":4},"end":{"line":31,"column":5}},"loc":{"start":{"line":23,"column":4},"end":{"line":31,"column":5}},"line":23}},"f":{"0":3,"1":2,"2":2}}
,"C:\\Users\\Karla\\OneDrive - UniFACEF\\Área de Trabalho\\estagio\\api-fastify\\src\\repositories\\in-memory\\in-memory-user-repository.ts": {"path":"C:\\Users\\Karla\\OneDrive - UniFACEF\\Área de Trabalho\\estagio\\api-fastify\\src\\repositories\\in-memory\\in-memory-user-repository.ts","all":false,"statementMap":{"0":{"start":{"line":1,"column":0},"end":{"line":1,"column":46}},"1":{"start":{"line":2,"column":0},"end":{"line":2,"column":52}},"2":{"start":{"line":3,"column":0},"end":{"line":3,"column":0}},"3":{"start":{"line":4,"column":0},"end":{"line":4,"column":63}},"4":{"start":{"line":5,"column":0},"end":{"line":5,"column":29}},"5":{"start":{"line":6,"column":0},"end":{"line":6,"column":0}},"6":{"start":{"line":7,"column":0},"end":{"line":7,"column":63}},"7":{"start":{"line":8,"column":0},"end":{"line":8,"column":66}},"8":{"start":{"line":9,"column":0},"end":{"line":9,"column":0}},"9":{"start":{"line":10,"column":0},"end":{"line":10,"column":20}},"10":{"start":{"line":11,"column":0},"end":{"line":11,"column":23}},"11":{"start":{"line":12,"column":0},"end":{"line":12,"column":9}},"12":{"start":{"line":13,"column":0},"end":{"line":13,"column":0}},"13":{"start":{"line":14,"column":0},"end":{"line":14,"column":19}},"14":{"start":{"line":15,"column":0},"end":{"line":15,"column":5}},"15":{"start":{"line":16,"column":0},"end":{"line":16,"column":0}},"16":{"start":{"line":17,"column":0},"end":{"line":17,"column":69}},"17":{"start":{"line":18,"column":0},"end":{"line":18,"column":72}},"18":{"start":{"line":19,"column":0},"end":{"line":19,"column":0}},"19":{"start":{"line":20,"column":0},"end":{"line":20,"column":20}},"20":{"start":{"line":21,"column":0},"end":{"line":21,"column":23}},"21":{"start":{"line":22,"column":0},"end":{"line":22,"column":9}},"22":{"start":{"line":23,"column":0},"end":{"line":23,"column":0}},"23":{"start":{"line":24,"column":0},"end":{"line":24,"column":19}},"24":{"start":{"line":25,"column":0},"end":{"line":25,"column":5}},"25":{"start":{"line":26,"column":0},"end":{"line":26,"column":0}},"26":{"start":{"line":27,"column":0},"end":{"line":27,"column":63}},"27":{"start":{"line":28,"column":0},"end":{"line":28,"column":22}},"28":{"start":{"line":29,"column":0},"end":{"line":29,"column":25}},"29":{"start":{"line":30,"column":0},"end":{"line":30,"column":36}},"30":{"start":{"line":31,"column":0},"end":{"line":31,"column":30}},"31":{"start":{"line":32,"column":0},"end":{"line":32,"column":35}},"32":{"start":{"line":33,"column":0},"end":{"line":33,"column":9}},"33":{"start":{"line":34,"column":0},"end":{"line":34,"column":0}},"34":{"start":{"line":35,"column":0},"end":{"line":35,"column":29}},"35":{"start":{"line":36,"column":0},"end":{"line":36,"column":0}},"36":{"start":{"line":37,"column":0},"end":{"line":37,"column":19}},"37":{"start":{"line":38,"column":0},"end":{"line":38,"column":5}},"38":{"start":{"line":39,"column":0},"end":{"line":39,"column":0}},"39":{"start":{"line":40,"column":0},"end":{"line":40,"column":57}},"40":{"start":{"line":41,"column":0},"end":{"line":41,"column":60}},"41":{"start":{"line":42,"column":0},"end":{"line":42,"column":0}},"42":{"start":{"line":43,"column":0},"end":{"line":43,"column":20}},"43":{"start":{"line":44,"column":0},"end":{"line":44,"column":23}},"44":{"start":{"line":45,"column":0},"end":{"line":45,"column":9}},"45":{"start":{"line":46,"column":0},"end":{"line":46,"column":0}},"46":{"start":{"line":47,"column":0},"end":{"line":47,"column":19}},"47":{"start":{"line":48,"column":0},"end":{"line":48,"column":5}},"48":{"start":{"line":49,"column":0},"end":{"line":49,"column":1}}},"s":{"0":1,"1":1,"2":1,"3":1,"4":7,"5":1,"6":1,"7":7,"8":7,"9":7,"10":6,"11":6,"12":1,"13":1,"14":7,"15":1,"16":1,"17":7,"18":7,"19":7,"20":6,"21":6,"22":1,"23":1,"24":7,"25":1,"26":1,"27":5,"28":5,"29":5,"30":5,"31":5,"32":5,"33":5,"34":5,"35":5,"36":5,"37":5,"38":1,"39":1,"40":2,"41":2,"42":2,"43":1,"44":1,"45":1,"46":1,"47":2,"48":1},"branchMap":{"0":{"type":"branch","line":4,"loc":{"start":{"line":4,"column":7},"end":{"line":5,"column":29}},"locations":[{"start":{"line":4,"column":7},"end":{"line":5,"column":29}}]},"1":{"type":"branch","line":7,"loc":{"start":{"line":7,"column":4},"end":{"line":15,"column":5}},"locations":[{"start":{"line":7,"column":4},"end":{"line":15,"column":5}}]},"2":{"type":"branch","line":10,"loc":{"start":{"line":10,"column":19},"end":{"line":12,"column":9}},"locations":[{"start":{"line":10,"column":19},"end":{"line":12,"column":9}}]},"3":{"type":"branch","line":12,"loc":{"start":{"line":12,"column":8},"end":{"line":14,"column":19}},"locations":[{"start":{"line":12,"column":8},"end":{"line":14,"column":19}}]},"4":{"type":"branch","line":8,"loc":{"start":{"line":8,"column":37},"end":{"line":8,"column":65}},"locations":[{"start":{"line":8,"column":37},"end":{"line":8,"column":65}}]},"5":{"type":"branch","line":17,"loc":{"start":{"line":17,"column":4},"end":{"line":25,"column":5}},"locations":[{"start":{"line":17,"column":4},"end":{"line":25,"column":5}}]},"6":{"type":"branch","line":20,"loc":{"start":{"line":20,"column":19},"end":{"line":22,"column":9}},"locations":[{"start":{"line":20,"column":19},"end":{"line":22,"column":9}}]},"7":{"type":"branch","line":22,"loc":{"start":{"line":22,"column":8},"end":{"line":24,"column":19}},"locations":[{"start":{"line":22,"column":8},"end":{"line":24,"column":19}}]},"8":{"type":"branch","line":18,"loc":{"start":{"line":18,"column":37},"end":{"line":18,"column":71}},"locations":[{"start":{"line":18,"column":37},"end":{"line":18,"column":71}}]},"9":{"type":"branch","line":27,"loc":{"start":{"line":27,"column":4},"end":{"line":38,"column":5}},"locations":[{"start":{"line":27,"column":4},"end":{"line":38,"column":5}}]},"10":{"type":"branch","line":40,"loc":{"start":{"line":40,"column":4},"end":{"line":48,"column":5}},"locations":[{"start":{"line":40,"column":4},"end":{"line":48,"column":5}}]},"11":{"type":"branch","line":43,"loc":{"start":{"line":43,"column":19},"end":{"line":47,"column":19}},"locations":[{"start":{"line":43,"column":19},"end":{"line":47,"column":19}}]},"12":{"type":"branch","line":41,"loc":{"start":{"line":41,"column":37},"end":{"line":41,"column":59}},"locations":[{"start":{"line":41,"column":37},"end":{"line":41,"column":59}}]}},"b":{"0":[7],"1":[7],"2":[6],"3":[1],"4":[2],"5":[7],"6":[6],"7":[1],"8":[2],"9":[5],"10":[2],"11":[1],"12":[1]},"fnMap":{"0":{"name":"InMemoryUserRepository","decl":{"start":{"line":4,"column":7},"end":{"line":5,"column":29}},"loc":{"start":{"line":4,"column":7},"end":{"line":5,"column":29}},"line":4},"1":{"name":"getUserByEmail","decl":{"start":{"line":7,"column":4},"end":{"line":15,"column":5}},"loc":{"start":{"line":7,"column":4},"end":{"line":15,"column":5}},"line":7},"2":{"name":"getUserByUsername","decl":{"start":{"line":17,"column":4},"end":{"line":25,"column":5}},"loc":{"start":{"line":17,"column":4},"end":{"line":25,"column":5}},"line":17},"3":{"name":"create","decl":{"start":{"line":27,"column":4},"end":{"line":38,"column":5}},"loc":{"start":{"line":27,"column":4},"end":{"line":38,"column":5}},"line":27},"4":{"name":"getUserById","decl":{"start":{"line":40,"column":4},"end":{"line":48,"column":5}},"loc":{"start":{"line":40,"column":4},"end":{"line":48,"column":5}},"line":40}},"f":{"0":7,"1":7,"2":7,"3":5,"4":2}}
,"C:\\Users\\Karla\\OneDrive - UniFACEF\\Área de Trabalho\\estagio\\api-fastify\\src\\use-cases\\course.ts": {"path":"C:\\Users\\Karla\\OneDrive - UniFACEF\\Área de Trabalho\\estagio\\api-fastify\\src\\use-cases\\course.ts","all":false,"statementMap":{"0":{"start":{"line":1,"column":0},"end":{"line":1,"column":47}},"1":{"start":{"line":2,"column":0},"end":{"line":2,"column":0}},"2":{"start":{"line":3,"column":0},"end":{"line":3,"column":31}},"3":{"start":{"line":4,"column":0},"end":{"line":4,"column":17}},"4":{"start":{"line":5,"column":0},"end":{"line":5,"column":24}},"5":{"start":{"line":6,"column":0},"end":{"line":6,"column":18}},"6":{"start":{"line":7,"column":0},"end":{"line":7,"column":17}},"7":{"start":{"line":8,"column":0},"end":{"line":8,"column":1}},"8":{"start":{"line":9,"column":0},"end":{"line":9,"column":0}},"9":{"start":{"line":10,"column":0},"end":{"line":10,"column":32}},"10":{"start":{"line":11,"column":0},"end":{"line":11,"column":18}},"11":{"start":{"line":12,"column":0},"end":{"line":12,"column":1}},"12":{"start":{"line":13,"column":0},"end":{"line":13,"column":0}},"13":{"start":{"line":14,"column":0},"end":{"line":14,"column":26}},"14":{"start":{"line":15,"column":0},"end":{"line":15,"column":50}},"15":{"start":{"line":16,"column":0},"end":{"line":16,"column":4}},"16":{"start":{"line":17,"column":0},"end":{"line":17,"column":120}},"17":{"start":{"line":18,"column":0},"end":{"line":18,"column":94}},"18":{"start":{"line":19,"column":0},"end":{"line":19,"column":25}},"19":{"start":{"line":20,"column":0},"end":{"line":20,"column":5}},"20":{"start":{"line":21,"column":0},"end":{"line":21,"column":0}},"21":{"start":{"line":22,"column":0},"end":{"line":22,"column":68}},"22":{"start":{"line":23,"column":0},"end":{"line":23,"column":76}},"23":{"start":{"line":24,"column":0},"end":{"line":24,"column":25}},"24":{"start":{"line":25,"column":0},"end":{"line":25,"column":5}},"25":{"start":{"line":26,"column":0},"end":{"line":26,"column":1}}},"s":{"0":1,"1":1,"2":1,"3":1,"4":1,"5":1,"6":1,"7":1,"8":1,"9":1,"10":1,"11":1,"12":1,"13":1,"14":1,"15":1,"16":1,"17":2,"18":2,"19":2,"20":1,"21":1,"22":2,"23":2,"24":2,"25":1},"branchMap":{"0":{"type":"branch","line":15,"loc":{"start":{"line":15,"column":4},"end":{"line":15,"column":50}},"locations":[{"start":{"line":15,"column":4},"end":{"line":15,"column":50}}]},"1":{"type":"branch","line":17,"loc":{"start":{"line":17,"column":4},"end":{"line":20,"column":5}},"locations":[{"start":{"line":17,"column":4},"end":{"line":20,"column":5}}]},"2":{"type":"branch","line":22,"loc":{"start":{"line":22,"column":4},"end":{"line":25,"column":5}},"locations":[{"start":{"line":22,"column":4},"end":{"line":25,"column":5}}]}},"b":{"0":[3],"1":[2],"2":[2]},"fnMap":{"0":{"name":"CourseClass","decl":{"start":{"line":15,"column":4},"end":{"line":15,"column":50}},"loc":{"start":{"line":15,"column":4},"end":{"line":15,"column":50}},"line":15},"1":{"name":"executeCreateCourse","decl":{"start":{"line":17,"column":4},"end":{"line":20,"column":5}},"loc":{"start":{"line":17,"column":4},"end":{"line":20,"column":5}},"line":17},"2":{"name":"getCourseById","decl":{"start":{"line":22,"column":4},"end":{"line":25,"column":5}},"loc":{"start":{"line":22,"column":4},"end":{"line":25,"column":5}},"line":22}},"f":{"0":3,"1":2,"2":2}}
,"C:\\Users\\Karla\\OneDrive - UniFACEF\\Área de Trabalho\\estagio\\api-fastify\\src\\use-cases\\user.ts": {"path":"C:\\Users\\Karla\\OneDrive - UniFACEF\\Área de Trabalho\\estagio\\api-fastify\\src\\use-cases\\user.ts","all":false,"statementMap":{"0":{"start":{"line":1,"column":0},"end":{"line":1,"column":29}},"1":{"start":{"line":2,"column":0},"end":{"line":2,"column":45}},"2":{"start":{"line":3,"column":0},"end":{"line":3,"column":37}},"3":{"start":{"line":4,"column":0},"end":{"line":4,"column":0}},"4":{"start":{"line":5,"column":0},"end":{"line":5,"column":29}},"5":{"start":{"line":6,"column":0},"end":{"line":6,"column":18}},"6":{"start":{"line":7,"column":0},"end":{"line":7,"column":21}},"7":{"start":{"line":8,"column":0},"end":{"line":8,"column":20}},"8":{"start":{"line":9,"column":0},"end":{"line":9,"column":1}},"9":{"start":{"line":10,"column":0},"end":{"line":10,"column":0}},"10":{"start":{"line":11,"column":0},"end":{"line":11,"column":30}},"11":{"start":{"line":12,"column":0},"end":{"line":12,"column":14}},"12":{"start":{"line":13,"column":0},"end":{"line":13,"column":1}},"13":{"start":{"line":14,"column":0},"end":{"line":14,"column":0}},"14":{"start":{"line":15,"column":0},"end":{"line":15,"column":24}},"15":{"start":{"line":16,"column":0},"end":{"line":16,"column":48}},"16":{"start":{"line":17,"column":0},"end":{"line":17,"column":0}},"17":{"start":{"line":18,"column":0},"end":{"line":18,"column":108}},"18":{"start":{"line":19,"column":0},"end":{"line":19,"column":0}},"19":{"start":{"line":20,"column":0},"end":{"line":20,"column":81}},"20":{"start":{"line":21,"column":0},"end":{"line":21,"column":90}},"21":{"start":{"line":22,"column":0},"end":{"line":22,"column":0}},"22":{"start":{"line":23,"column":0},"end":{"line":23,"column":56}},"23":{"start":{"line":24,"column":0},"end":{"line":24,"column":54}},"24":{"start":{"line":25,"column":0},"end":{"line":25,"column":9}},"25":{"start":{"line":26,"column":0},"end":{"line":26,"column":0}},"26":{"start":{"line":27,"column":0},"end":{"line":27,"column":52}},"27":{"start":{"line":28,"column":0},"end":{"line":28,"column":0}},"28":{"start":{"line":29,"column":0},"end":{"line":29,"column":98}},"29":{"start":{"line":30,"column":0},"end":{"line":30,"column":23}},"30":{"start":{"line":31,"column":0},"end":{"line":31,"column":5}},"31":{"start":{"line":32,"column":0},"end":{"line":32,"column":0}},"32":{"start":{"line":33,"column":0},"end":{"line":33,"column":71}},"33":{"start":{"line":34,"column":0},"end":{"line":34,"column":62}},"34":{"start":{"line":35,"column":0},"end":{"line":35,"column":0}},"35":{"start":{"line":36,"column":0},"end":{"line":36,"column":23}},"36":{"start":{"line":37,"column":0},"end":{"line":37,"column":5}},"37":{"start":{"line":38,"column":0},"end":{"line":38,"column":1}}},"s":{"0":1,"1":1,"2":1,"3":1,"4":1,"5":1,"6":1,"7":1,"8":1,"9":1,"10":1,"11":1,"12":1,"13":1,"14":1,"15":1,"16":1,"17":1,"18":7,"19":7,"20":7,"21":7,"22":7,"23":2,"24":2,"25":5,"26":5,"27":5,"28":5,"29":5,"30":7,"31":1,"32":1,"33":2,"34":2,"35":2,"36":2,"37":1},"branchMap":{"0":{"type":"branch","line":16,"loc":{"start":{"line":16,"column":4},"end":{"line":16,"column":48}},"locations":[{"start":{"line":16,"column":4},"end":{"line":16,"column":48}}]},"1":{"type":"branch","line":18,"loc":{"start":{"line":18,"column":4},"end":{"line":31,"column":5}},"locations":[{"start":{"line":18,"column":4},"end":{"line":31,"column":5}}]},"2":{"type":"branch","line":23,"loc":{"start":{"line":23,"column":12},"end":{"line":23,"column":55}},"locations":[{"start":{"line":23,"column":12},"end":{"line":23,"column":55}}]},"3":{"type":"branch","line":23,"loc":{"start":{"line":23,"column":55},"end":{"line":25,"column":9}},"locations":[{"start":{"line":23,"column":55},"end":{"line":25,"column":9}}]},"4":{"type":"branch","line":25,"loc":{"start":{"line":25,"column":8},"end":{"line":30,"column":23}},"locations":[{"start":{"line":25,"column":8},"end":{"line":30,"column":23}}]},"5":{"type":"branch","line":33,"loc":{"start":{"line":33,"column":4},"end":{"line":37,"column":5}},"locations":[{"start":{"line":33,"column":4},"end":{"line":37,"column":5}}]}},"b":{"0":[7],"1":[7],"2":[6],"3":[2],"4":[5],"5":[2]},"fnMap":{"0":{"name":"UserClass","decl":{"start":{"line":16,"column":4},"end":{"line":16,"column":48}},"loc":{"start":{"line":16,"column":4},"end":{"line":16,"column":48}},"line":16},"1":{"name":"executeCreateUser","decl":{"start":{"line":18,"column":4},"end":{"line":31,"column":5}},"loc":{"start":{"line":18,"column":4},"end":{"line":31,"column":5}},"line":18},"2":{"name":"executeGetUserById","decl":{"start":{"line":33,"column":4},"end":{"line":37,"column":5}},"loc":{"start":{"line":33,"column":4},"end":{"line":37,"column":5}},"line":33}},"f":{"0":7,"1":7,"2":2}}
}
